Aug 12 17:14:54 docker jupyter[2655]: Entered start.sh with args: jupyter lab
Aug 12 17:14:54 docker jupyter[2655]: Executing the command: jupyter lab
Aug 12 17:14:54 docker jupyter[2655]: [I 2023-08-12 17:14:54.927 ServerApp] Package jupyterlab took 0.0000s to import
Aug 12 17:14:54 docker jupyter[2655]: [I 2023-08-12 17:14:54.933 ServerApp] Package jupyter_lsp took 0.0059s to import
Aug 12 17:14:54 docker jupyter[2655]: [W 2023-08-12 17:14:54.933 ServerApp] A `_jupyter_server_extension_points` function was not found in jupyter_lsp. Instead, a `_jupyter_server_extension_paths` function was found and will be used for now. This function name will be deprecated in future releases of Jupyter Server.
Aug 12 17:14:54 docker jupyter[2655]: [I 2023-08-12 17:14:54.936 ServerApp] Package jupyter_server_terminals took 0.0023s to import
Aug 12 17:14:54 docker jupyter[2655]: [I 2023-08-12 17:14:54.937 ServerApp] Package nbclassic took 0.0009s to import
Aug 12 17:14:54 docker jupyter[2655]: [W 2023-08-12 17:14:54.938 ServerApp] A `_jupyter_server_extension_points` function was not found in nbclassic. Instead, a `_jupyter_server_extension_paths` function was found and will be used for now. This function name will be deprecated in future releases of Jupyter Server.
Aug 12 17:14:54 docker jupyter[2655]: [I 2023-08-12 17:14:54.938 ServerApp] Package notebook took 0.0000s to import
Aug 12 17:14:54 docker jupyter[2655]: [I 2023-08-12 17:14:54.940 ServerApp] Package notebook_shim took 0.0000s to import
Aug 12 17:14:54 docker jupyter[2655]: [W 2023-08-12 17:14:54.940 ServerApp] A `_jupyter_server_extension_points` function was not found in notebook_shim. Instead, a `_jupyter_server_extension_paths` function was found and will be used for now. This function name will be deprecated in future releases of Jupyter Server.
Aug 12 17:14:54 docker jupyter[2655]: [I 2023-08-12 17:14:54.940 ServerApp] jupyter_lsp | extension was successfully linked.
Aug 12 17:14:54 docker jupyter[2655]: [I 2023-08-12 17:14:54.942 ServerApp] jupyter_server_terminals | extension was successfully linked.
Aug 12 17:14:54 docker jupyter[2655]: [I 2023-08-12 17:14:54.946 ServerApp] jupyterlab | extension was successfully linked.
Aug 12 17:14:54 docker jupyter[2655]: [I 2023-08-12 17:14:54.948 ServerApp] nbclassic | extension was successfully linked.
Aug 12 17:14:54 docker jupyter[2655]: [I 2023-08-12 17:14:54.950 ServerApp] notebook | extension was successfully linked.
Aug 12 17:14:54 docker jupyter[2655]: [I 2023-08-12 17:14:54.951 ServerApp] Writing Jupyter server cookie secret to /home/jovyan/.local/share/jupyter/runtime/jupyter_cookie_secret
Aug 12 17:14:55 docker jupyter[2655]: [I 2023-08-12 17:14:55.062 ServerApp] notebook_shim | extension was successfully linked.
Aug 12 17:14:55 docker jupyter[2655]: [I 2023-08-12 17:14:55.072 ServerApp] notebook_shim | extension was successfully loaded.
Aug 12 17:14:55 docker jupyter[2655]: [I 2023-08-12 17:14:55.073 ServerApp] jupyter_lsp | extension was successfully loaded.
Aug 12 17:14:55 docker jupyter[2655]: [I 2023-08-12 17:14:55.074 ServerApp] jupyter_server_terminals | extension was successfully loaded.
Aug 12 17:14:55 docker jupyter[2655]: [I 2023-08-12 17:14:55.075 LabApp] JupyterLab extension loaded from /opt/conda/lib/python3.11/site-packages/jupyterlab
Aug 12 17:14:55 docker jupyter[2655]: [I 2023-08-12 17:14:55.075 LabApp] JupyterLab application directory is /opt/conda/share/jupyter/lab
Aug 12 17:14:55 docker jupyter[2655]: [I 2023-08-12 17:14:55.075 LabApp] Extension Manager is 'pypi'.
Aug 12 17:14:55 docker jupyter[2655]: [I 2023-08-12 17:14:55.077 ServerApp] jupyterlab | extension was successfully loaded.
Aug 12 17:14:55 docker jupyter[2655]: [I 2023-08-12 17:14:55.079 ServerApp] nbclassic | extension was successfully loaded.
Aug 12 17:14:55 docker jupyter[2655]: [I 2023-08-12 17:14:55.080 ServerApp] notebook | extension was successfully loaded.
Aug 12 17:14:55 docker jupyter[2655]: [I 2023-08-12 17:14:55.081 ServerApp] Serving notebooks from local directory: /home/jovyan
Aug 12 17:14:55 docker jupyter[2655]: [I 2023-08-12 17:14:55.081 ServerApp] Jupyter Server 2.7.0 is running at:
Aug 12 17:14:55 docker jupyter[2655]: [I 2023-08-12 17:14:55.081 ServerApp] http://544019635f2e:8888/lab?token=f8dba3b177b99d8a1ab49d8519fbcb3c9300d4d30ae7cbb2
Aug 12 17:14:55 docker jupyter[2655]: [I 2023-08-12 17:14:55.081 ServerApp]     http://127.0.0.1:8888/lab?token=f8dba3b177b99d8a1ab49d8519fbcb3c9300d4d30ae7cbb2
Aug 12 17:14:55 docker jupyter[2655]: [I 2023-08-12 17:14:55.081 ServerApp] Use Control-C to stop this server and shut down all kernels (twice to skip confirmation).
Aug 12 17:14:55 docker jupyter[2655]: [C 2023-08-12 17:14:55.083 ServerApp] 
Aug 12 17:14:55 docker jupyter[2655]:     
Aug 12 17:14:55 docker jupyter[2655]:     To access the server, open this file in a browser:
Aug 12 17:14:55 docker jupyter[2655]:         file:///home/jovyan/.local/share/jupyter/runtime/jpserver-8-open.html
Aug 12 17:14:55 docker jupyter[2655]:     Or copy and paste one of these URLs:
Aug 12 17:14:55 docker jupyter[2655]:         http://544019635f2e:8888/lab?token=f8dba3b177b99d8a1ab49d8519fbcb3c9300d4d30ae7cbb2
Aug 12 17:14:55 docker jupyter[2655]:         http://127.0.0.1:8888/lab?token=f8dba3b177b99d8a1ab49d8519fbcb3c9300d4d30ae7cbb2
Aug 12 17:14:55 docker jupyter[2655]: [I 2023-08-12 17:14:55.427 ServerApp] Skipped non-installed server(s): bash-language-server, dockerfile-language-server-nodejs, javascript-typescript-langserver, jedi-language-server, julia-language-server, pyright, python-language-server, python-lsp-server, r-languageserver, sql-language-server, texlab, typescript-language-server, unified-language-server, vscode-css-languageserver-bin, vscode-html-languageserver-bin, vscode-json-languageserver-bin, yaml-language-server
Aug 12 17:14:56 docker jupyter[2655]: [I 2023-08-12 17:14:56.669 ServerApp] Interrupted...
Aug 12 17:14:56 docker jupyter[2655]:   _   _          _      _
Aug 12 17:14:56 docker jupyter[2655]:  | | | |_ __  __| |__ _| |_ ___
Aug 12 17:14:56 docker jupyter[2655]:  | |_| | '_ \/ _` / _` |  _/ -_)
Aug 12 17:14:56 docker jupyter[2655]:   \___/| .__/\__,_\__,_|\__\___|
Aug 12 17:14:56 docker jupyter[2655]:        |_|
Aug 12 17:14:56 docker jupyter[2655]:                                                                            
Aug 12 17:14:56 docker jupyter[2655]: Read the migration plan to Notebook 7 to learn about the new features and the actions to take if you are using extensions.
Aug 12 17:14:56 docker jupyter[2655]: https://jupyter-notebook.readthedocs.io/en/latest/migrate_to_notebook7.html
Aug 12 17:14:56 docker jupyter[2655]: Please note that updating to Notebook 7 might break some of your extensions.
Aug 12 17:16:28 docker jupyter[2655]: Entered start.sh with args: jupyter lab
Aug 12 17:16:28 docker jupyter[2655]: Executing the command: jupyter lab
Aug 12 17:16:28 docker jupyter[2655]: [I 2023-08-12 17:16:28.819 ServerApp] Package jupyterlab took 0.0000s to import
Aug 12 17:16:28 docker jupyter[2655]: [I 2023-08-12 17:16:28.826 ServerApp] Package jupyter_lsp took 0.0065s to import
Aug 12 17:16:28 docker jupyter[2655]: [W 2023-08-12 17:16:28.826 ServerApp] A `_jupyter_server_extension_points` function was not found in jupyter_lsp. Instead, a `_jupyter_server_extension_paths` function was found and will be used for now. This function name will be deprecated in future releases of Jupyter Server.
Aug 12 17:16:28 docker jupyter[2655]: [I 2023-08-12 17:16:28.829 ServerApp] Package jupyter_server_terminals took 0.0023s to import
Aug 12 17:16:28 docker jupyter[2655]: [I 2023-08-12 17:16:28.830 ServerApp] Package nbclassic took 0.0009s to import
Aug 12 17:16:28 docker jupyter[2655]: [W 2023-08-12 17:16:28.831 ServerApp] A `_jupyter_server_extension_points` function was not found in nbclassic. Instead, a `_jupyter_server_extension_paths` function was found and will be used for now. This function name will be deprecated in future releases of Jupyter Server.
Aug 12 17:16:28 docker jupyter[2655]: [I 2023-08-12 17:16:28.831 ServerApp] Package notebook took 0.0000s to import
Aug 12 17:16:28 docker jupyter[2655]: [I 2023-08-12 17:16:28.832 ServerApp] Package notebook_shim took 0.0000s to import
Aug 12 17:16:28 docker jupyter[2655]: [W 2023-08-12 17:16:28.832 ServerApp] A `_jupyter_server_extension_points` function was not found in notebook_shim. Instead, a `_jupyter_server_extension_paths` function was found and will be used for now. This function name will be deprecated in future releases of Jupyter Server.
Aug 12 17:16:28 docker jupyter[2655]: [I 2023-08-12 17:16:28.833 ServerApp] jupyter_lsp | extension was successfully linked.
Aug 12 17:16:28 docker jupyter[2655]: [I 2023-08-12 17:16:28.836 ServerApp] jupyter_server_terminals | extension was successfully linked.
Aug 12 17:16:28 docker jupyter[2655]: [I 2023-08-12 17:16:28.839 ServerApp] jupyterlab | extension was successfully linked.
Aug 12 17:16:28 docker jupyter[2655]: [I 2023-08-12 17:16:28.841 ServerApp] nbclassic | extension was successfully linked.
Aug 12 17:16:28 docker jupyter[2655]: [I 2023-08-12 17:16:28.844 ServerApp] notebook | extension was successfully linked.
Aug 12 17:16:28 docker jupyter[2655]: [I 2023-08-12 17:16:28.845 ServerApp] Writing Jupyter server cookie secret to /home/jovyan/.local/share/jupyter/runtime/jupyter_cookie_secret
Aug 12 17:16:28 docker jupyter[2655]: [I 2023-08-12 17:16:28.953 ServerApp] notebook_shim | extension was successfully linked.
Aug 12 17:16:28 docker jupyter[2655]: [I 2023-08-12 17:16:28.963 ServerApp] notebook_shim | extension was successfully loaded.
Aug 12 17:16:28 docker jupyter[2655]: [I 2023-08-12 17:16:28.965 ServerApp] jupyter_lsp | extension was successfully loaded.
Aug 12 17:16:28 docker jupyter[2655]: [I 2023-08-12 17:16:28.965 ServerApp] jupyter_server_terminals | extension was successfully loaded.
Aug 12 17:16:28 docker jupyter[2655]: [I 2023-08-12 17:16:28.966 LabApp] JupyterLab extension loaded from /opt/conda/lib/python3.11/site-packages/jupyterlab
Aug 12 17:16:28 docker jupyter[2655]: [I 2023-08-12 17:16:28.966 LabApp] JupyterLab application directory is /opt/conda/share/jupyter/lab
Aug 12 17:16:28 docker jupyter[2655]: [I 2023-08-12 17:16:28.966 LabApp] Extension Manager is 'pypi'.
Aug 12 17:16:28 docker jupyter[2655]: [I 2023-08-12 17:16:28.968 ServerApp] jupyterlab | extension was successfully loaded.
Aug 12 17:16:28 docker jupyter[2655]: [I 2023-08-12 17:16:28.970 ServerApp] nbclassic | extension was successfully loaded.
Aug 12 17:16:28 docker jupyter[2655]: [I 2023-08-12 17:16:28.971 ServerApp] notebook | extension was successfully loaded.
Aug 12 17:16:28 docker jupyter[2655]: [I 2023-08-12 17:16:28.971 ServerApp] Serving notebooks from local directory: /home/jovyan
Aug 12 17:16:28 docker jupyter[2655]: [I 2023-08-12 17:16:28.971 ServerApp] Jupyter Server 2.7.0 is running at:
Aug 12 17:16:28 docker jupyter[2655]: [I 2023-08-12 17:16:28.971 ServerApp] http://78771736933a:8888/lab?token=1dc81881559714e01feb56709372b35bf8f23378e7c0e996
Aug 12 17:16:28 docker jupyter[2655]: [I 2023-08-12 17:16:28.971 ServerApp]     http://127.0.0.1:8888/lab?token=1dc81881559714e01feb56709372b35bf8f23378e7c0e996
Aug 12 17:16:28 docker jupyter[2655]: [I 2023-08-12 17:16:28.971 ServerApp] Use Control-C to stop this server and shut down all kernels (twice to skip confirmation).
Aug 12 17:16:28 docker jupyter[2655]: [C 2023-08-12 17:16:28.973 ServerApp] 
Aug 12 17:16:28 docker jupyter[2655]:     
Aug 12 17:16:28 docker jupyter[2655]:     To access the server, open this file in a browser:
Aug 12 17:16:28 docker jupyter[2655]:         file:///home/jovyan/.local/share/jupyter/runtime/jpserver-7-open.html
Aug 12 17:16:28 docker jupyter[2655]:     Or copy and paste one of these URLs:
Aug 12 17:16:28 docker jupyter[2655]:         http://78771736933a:8888/lab?token=1dc81881559714e01feb56709372b35bf8f23378e7c0e996
Aug 12 17:16:28 docker jupyter[2655]:         http://127.0.0.1:8888/lab?token=1dc81881559714e01feb56709372b35bf8f23378e7c0e996
Aug 12 17:16:29 docker jupyter[2655]: [I 2023-08-12 17:16:29.266 ServerApp] Skipped non-installed server(s): bash-language-server, dockerfile-language-server-nodejs, javascript-typescript-langserver, jedi-language-server, julia-language-server, pyright, python-language-server, python-lsp-server, r-languageserver, sql-language-server, texlab, typescript-language-server, unified-language-server, vscode-css-languageserver-bin, vscode-html-languageserver-bin, vscode-json-languageserver-bin, yaml-language-server
Aug 12 17:16:31 docker jupyter[2655]: [I 2023-08-12 17:16:31.248 ServerApp] 302 GET / (@10.67.21.1) 0.38ms
Aug 12 17:16:31 docker jupyter[2655]: [I 2023-08-12 17:16:31.253 LabApp] 302 GET /lab? (@10.67.21.1) 0.58ms
Aug 12 17:16:43 docker jupyter[2655]: [W 2023-08-12 17:16:43.279 ServerApp] 401 POST /login?next=%2Flab%3F (@10.67.21.1) 0.82ms referer=http://labmonitor.trout.software:8888/login?next=%2Flab%3F
